This file contains any messages produced by compilers while
running configure, to aid debugging if configure makes a mistake.

It was created by meshrenderer configure 2021, which was
generated by GNU Autoconf 2.69.  Invocation command line was

  $ ./configure 

## --------- ##
## Platform. ##
## --------- ##

hostname = diego
uname -m = x86_64
uname -r = 5.10.0-6-amd64
uname -s = Linux
uname -v = #1 SMP Debian 5.10.28-1 (2021-04-09)

/usr/bin/uname -p = unknown
/bin/uname -X     = unknown

/bin/arch              = x86_64
/usr/bin/arch -k       = unknown
/usr/convex/getsysinfo = unknown
/usr/bin/hostinfo      = unknown
/bin/machine           = unknown
/usr/bin/oslevel       = unknown
/bin/universe          = unknown

PATH: /home/sbutz/.cargo/bin
PATH: /home/sbutz/git/flutter/bin
PATH: /home/sbutz/.local/bin/idea/bin
PATH: /home/sbutz/.local/bin/android-sdk/platform-tools
PATH: /home/sbutz/.local/bin/android-sdk/cmdline-tools/tools/bin
PATH: /home/sbutz/.local/bin
PATH: /home/sbutz/bin
PATH: /usr/local/bin
PATH: /usr/bin
PATH: /bin
PATH: /usr/local/games
PATH: /usr/games


## ----------- ##
## Core tests. ##
## ----------- ##

configure:1897: checking for a BSD-compatible install
configure:1965: result: /usr/bin/install -c
configure:1976: checking whether build environment is sane
configure:2031: result: yes
configure:2182: checking for a thread-safe mkdir -p
configure:2221: result: /usr/bin/mkdir -p
configure:2228: checking for gawk
configure:2258: result: no
configure:2228: checking for mawk
configure:2244: found /usr/bin/mawk
configure:2255: result: mawk
configure:2266: checking whether make sets $(MAKE)
configure:2288: result: yes
configure:2317: checking whether make supports nested variables
configure:2334: result: yes
configure:2519: checking for g++
configure:2535: found /usr/bin/g++
configure:2546: result: g++
configure:2573: checking for C++ compiler version
configure:2582: g++ --version >&5
g++ (Debian 10.2.1-6) 10.2.1 20210110
Copyright (C) 2020 Free Software Foundation, Inc.
This is free software; see the source for copying conditions.  There is NO
warranty; not even for MERCHANTABILITY or FITNESS FOR A PARTICULAR PURPOSE.

configure:2593: $? = 0
configure:2582: g++ -v >&5
Using built-in specs.
COLLECT_GCC=g++
COLLECT_LTO_WRAPPER=/usr/lib/gcc/x86_64-linux-gnu/10/lto-wrapper
OFFLOAD_TARGET_NAMES=nvptx-none:amdgcn-amdhsa:hsa
OFFLOAD_TARGET_DEFAULT=1
Target: x86_64-linux-gnu
Configured with: ../src/configure -v --with-pkgversion='Debian 10.2.1-6' --with-bugurl=file:///usr/share/doc/gcc-10/README.Bugs --enable-languages=c,ada,c++,go,brig,d,fortran,objc,obj-c++,m2 --prefix=/usr --with-gcc-major-version-only --program-suffix=-10 --program-prefix=x86_64-linux-gnu- --enable-shared --enable-linker-build-id --libexecdir=/usr/lib --without-included-gettext --enable-threads=posix --libdir=/usr/lib --enable-nls --enable-bootstrap --enable-clocale=gnu --enable-libstdcxx-debug --enable-libstdcxx-time=yes --with-default-libstdcxx-abi=new --enable-gnu-unique-object --disable-vtable-verify --enable-plugin --enable-default-pie --with-system-zlib --enable-libphobos-checking=release --with-target-system-zlib=auto --enable-objc-gc=auto --enable-multiarch --disable-werror --with-arch-32=i686 --with-abi=m64 --with-multilib-list=m32,m64,mx32 --enable-multilib --with-tune=generic --enable-offload-targets=nvptx-none=/build/gcc-10-Km9U7s/gcc-10-10.2.1/debian/tmp-nvptx/usr,amdgcn-amdhsa=/build/gcc-10-Km9U7s/gcc-10-10.2.1/debian/tmp-gcn/usr,hsa --without-cuda-driver --enable-checking=release --build=x86_64-linux-gnu --host=x86_64-linux-gnu --target=x86_64-linux-gnu --with-build-config=bootstrap-lto-lean --enable-link-mutex
Thread model: posix
Supported LTO compression algorithms: zlib zstd
gcc version 10.2.1 20210110 (Debian 10.2.1-6) 
... rest of stderr output deleted ...
configure:2593: $? = 0
configure:2582: g++ -V >&5
g++: error: unrecognized command-line option '-V'
g++: fatal error: no input files
compilation terminated.
configure:2593: $? = 1
configure:2582: g++ -qversion >&5
g++: error: unrecognized command-line option '-qversion'; did you mean '--version'?
g++: fatal error: no input files
compilation terminated.
configure:2593: $? = 1
configure:2613: checking whether the C++ compiler works
configure:2635: g++    conftest.cpp  >&5
configure:2639: $? = 0
configure:2687: result: yes
configure:2690: checking for C++ compiler default output file name
configure:2692: result: a.out
configure:2698: checking for suffix of executables
configure:2705: g++ -o conftest    conftest.cpp  >&5
configure:2709: $? = 0
configure:2731: result: 
configure:2753: checking whether we are cross compiling
configure:2761: g++ -o conftest    conftest.cpp  >&5
configure:2765: $? = 0
configure:2772: ./conftest
configure:2776: $? = 0
configure:2791: result: no
configure:2796: checking for suffix of object files
configure:2818: g++ -c   conftest.cpp >&5
configure:2822: $? = 0
configure:2843: result: o
configure:2847: checking whether we are using the GNU C++ compiler
configure:2866: g++ -c   conftest.cpp >&5
configure:2866: $? = 0
configure:2875: result: yes
configure:2884: checking whether g++ accepts -g
configure:2904: g++ -c -g  conftest.cpp >&5
configure:2904: $? = 0
configure:2945: result: yes
configure:2971: checking whether make supports the include directive
configure:2986: make -f confmf.GNU && cat confinc.out
this is the am__doit target
configure:2989: $? = 0
configure:3008: result: yes (GNU style)
configure:3033: checking dependency style of g++
configure:3144: result: gcc3
configure:3178: checking whether g++ supports C++11 features with -std=gnu++11
configure:3474: g++ -std=gnu++11 -c -g -O2  conftest.cpp >&5
configure:3474: $? = 0
configure:3483: result: yes
configure:3845: checking for main in -lGL
configure:3864: g++ -std=gnu++11 -o conftest -g -O2   conftest.cpp -lGL   >&5
configure:3864: $? = 0
configure:3873: result: yes
configure:3884: checking for main in -lGLEW
configure:3903: g++ -std=gnu++11 -o conftest -g -O2   conftest.cpp -lGLEW  -lGL  >&5
configure:3903: $? = 0
configure:3912: result: yes
configure:3923: checking for main in -lglfw
configure:3942: g++ -std=gnu++11 -o conftest -g -O2   conftest.cpp -lglfw  -lGLEW -lGL  >&5
configure:3942: $? = 0
configure:3951: result: yes
configure:4078: checking that generated files are newer than configure
configure:4084: result: done
configure:4107: creating ./config.status

## ---------------------- ##
## Running config.status. ##
## ---------------------- ##

This file was extended by meshrenderer config.status 2021, which was
generated by GNU Autoconf 2.69.  Invocation command line was

  CONFIG_FILES    = 
  CONFIG_HEADERS  = 
  CONFIG_LINKS    = 
  CONFIG_COMMANDS = 
  $ ./config.status 

on diego

config.status:848: creating Makefile
config.status:848: creating src/Makefile
config.status:848: creating config.h
config.status:1077: executing depfiles commands
config.status:1154: cd src       && sed -e '/# am--include-marker/d' Makefile         | make -f - am--depfiles
make: Nothing to be done for 'am--depfiles'.
config.status:1159: $? = 0

## ---------------- ##
## Cache variables. ##
## ---------------- ##

ac_cv_cxx_compiler_gnu=yes
ac_cv_env_CCC_set=
ac_cv_env_CCC_value=
ac_cv_env_CPPFLAGS_set=
ac_cv_env_CPPFLAGS_value=
ac_cv_env_CXXFLAGS_set=
ac_cv_env_CXXFLAGS_value=
ac_cv_env_CXX_set=
ac_cv_env_CXX_value=
ac_cv_env_LDFLAGS_set=
ac_cv_env_LDFLAGS_value=
ac_cv_env_LIBS_set=
ac_cv_env_LIBS_value=
ac_cv_env_build_alias_set=
ac_cv_env_build_alias_value=
ac_cv_env_host_alias_set=
ac_cv_env_host_alias_value=
ac_cv_env_target_alias_set=
ac_cv_env_target_alias_value=
ac_cv_lib_GLEW_main=yes
ac_cv_lib_GL_main=yes
ac_cv_lib_glfw_main=yes
ac_cv_objext=o
ac_cv_path_install='/usr/bin/install -c'
ac_cv_path_mkdir=/usr/bin/mkdir
ac_cv_prog_AWK=mawk
ac_cv_prog_ac_ct_CXX=g++
ac_cv_prog_cxx_g=yes
ac_cv_prog_make_make_set=yes
am_cv_CXX_dependencies_compiler_type=gcc3
am_cv_make_support_nested_variables=yes
ax_cv_cxx_compile_cxx11__std_gnupp11=yes

## ----------------- ##
## Output variables. ##
## ----------------- ##

ACLOCAL='${SHELL} /home/sbutz/git/cg/meshrenderer-2021/auxx/missing aclocal-1.16'
AMDEPBACKSLASH='\'
AMDEP_FALSE='#'
AMDEP_TRUE=''
AMTAR='$${TAR-tar}'
AM_BACKSLASH='\'
AM_DEFAULT_V='$(AM_DEFAULT_VERBOSITY)'
AM_DEFAULT_VERBOSITY='1'
AM_V='$(V)'
AUTOCONF='${SHELL} /home/sbutz/git/cg/meshrenderer-2021/auxx/missing autoconf'
AUTOHEADER='${SHELL} /home/sbutz/git/cg/meshrenderer-2021/auxx/missing autoheader'
AUTOMAKE='${SHELL} /home/sbutz/git/cg/meshrenderer-2021/auxx/missing automake-1.16'
AWK='mawk'
CPPFLAGS=''
CXX='g++ -std=gnu++11'
CXXDEPMODE='depmode=gcc3'
CXXFLAGS='-g -O2'
CYGPATH_W='echo'
DEFS='-DHAVE_CONFIG_H'
DEPDIR='.deps'
ECHO_C=''
ECHO_N='-n'
ECHO_T=''
EXEEXT=''
HAVE_CXX11='1'
INSTALL_DATA='${INSTALL} -m 644'
INSTALL_PROGRAM='${INSTALL}'
INSTALL_SCRIPT='${INSTALL}'
INSTALL_STRIP_PROGRAM='$(install_sh) -c -s'
LDFLAGS=''
LIBOBJS=''
LIBS='-lglfw -lGLEW -lGL '
LTLIBOBJS=''
MAKEINFO='${SHELL} /home/sbutz/git/cg/meshrenderer-2021/auxx/missing makeinfo'
MKDIR_P='/usr/bin/mkdir -p'
OBJEXT='o'
PACKAGE='meshrenderer'
PACKAGE_BUGREPORT='Cannibalized from NiHo´s code ;)'
PACKAGE_NAME='meshrenderer'
PACKAGE_STRING='meshrenderer 2021'
PACKAGE_TARNAME='meshrenderer'
PACKAGE_URL=''
PACKAGE_VERSION='2021'
PATH_SEPARATOR=':'
SET_MAKE=''
SHELL='/bin/bash'
STRIP=''
VERSION='2021'
ac_ct_CXX='g++'
am__EXEEXT_FALSE=''
am__EXEEXT_TRUE='#'
am__fastdepCXX_FALSE='#'
am__fastdepCXX_TRUE=''
am__include='include'
am__isrc=''
am__leading_dot='.'
am__nodep='_no'
am__quote=''
am__tar='$${TAR-tar} chof - "$$tardir"'
am__untar='$${TAR-tar} xf -'
bindir='${exec_prefix}/bin'
build_alias=''
datadir='${datarootdir}'
datarootdir='${prefix}/share'
docdir='${datarootdir}/doc/${PACKAGE_TARNAME}'
dvidir='${docdir}'
exec_prefix='${prefix}'
host_alias=''
htmldir='${docdir}'
includedir='${prefix}/include'
infodir='${datarootdir}/info'
install_sh='${SHELL} /home/sbutz/git/cg/meshrenderer-2021/auxx/install-sh'
libdir='${exec_prefix}/lib'
libexecdir='${exec_prefix}/libexec'
localedir='${datarootdir}/locale'
localstatedir='${prefix}/var'
mandir='${datarootdir}/man'
mkdir_p='$(MKDIR_P)'
oldincludedir='/usr/include'
pdfdir='${docdir}'
prefix='/usr/local'
program_transform_name='s,x,x,'
psdir='${docdir}'
runstatedir='${localstatedir}/run'
sbindir='${exec_prefix}/sbin'
sharedstatedir='${prefix}/com'
sysconfdir='${prefix}/etc'
target_alias=''

## ----------- ##
## confdefs.h. ##
## ----------- ##

/* confdefs.h */
#define PACKAGE_NAME "meshrenderer"
#define PACKAGE_TARNAME "meshrenderer"
#define PACKAGE_VERSION "2021"
#define PACKAGE_STRING "meshrenderer 2021"
#define PACKAGE_BUGREPORT "Cannibalized from NiHo´s code ;)"
#define PACKAGE_URL ""
#define PACKAGE "meshrenderer"
#define VERSION "2021"
#define HAVE_CXX11 1
#define HAVE_LIBGL 1
#define HAVE_LIBGLEW 1
#define HAVE_LIBGLFW 1
#define OPENGL_INCLUDE_PATH "/usr/include"
#define GLEW_INCLUDE_PATH "/usr/include"

configure: exit 0
