This file contains any messages produced by compilers while
running configure, to aid debugging if configure makes a mistake.

It was created by bigduckgl configure 2021, which was
generated by GNU Autoconf 2.69.  Invocation command line was

  $ ./configure 

## --------- ##
## Platform. ##
## --------- ##

hostname = diego
uname -m = x86_64
uname -r = 5.10.0-6-amd64
uname -s = Linux
uname -v = #1 SMP Debian 5.10.28-1 (2021-04-09)

/usr/bin/uname -p = unknown
/bin/uname -X     = unknown

/bin/arch              = x86_64
/usr/bin/arch -k       = unknown
/usr/convex/getsysinfo = unknown
/usr/bin/hostinfo      = unknown
/bin/machine           = unknown
/usr/bin/oslevel       = unknown
/bin/universe          = unknown

PATH: /home/sbutz/.cargo/bin
PATH: /home/sbutz/git/flutter/bin
PATH: /home/sbutz/.local/bin/idea/bin
PATH: /home/sbutz/.local/bin/android-sdk/platform-tools
PATH: /home/sbutz/.local/bin/android-sdk/cmdline-tools/tools/bin
PATH: /home/sbutz/.local/bin
PATH: /home/sbutz/bin
PATH: /usr/local/bin
PATH: /usr/bin
PATH: /bin
PATH: /usr/local/games
PATH: /usr/games


## ----------- ##
## Core tests. ##
## ----------- ##

configure:2320: checking for a BSD-compatible install
configure:2388: result: /usr/bin/install -c
configure:2399: checking whether build environment is sane
configure:2454: result: yes
configure:2605: checking for a thread-safe mkdir -p
configure:2644: result: /usr/bin/mkdir -p
configure:2651: checking for gawk
configure:2681: result: no
configure:2651: checking for mawk
configure:2667: found /usr/bin/mawk
configure:2678: result: mawk
configure:2689: checking whether make sets $(MAKE)
configure:2711: result: yes
configure:2740: checking whether make supports nested variables
configure:2757: result: yes
configure:2942: checking for g++
configure:2958: found /usr/bin/g++
configure:2969: result: g++
configure:2996: checking for C++ compiler version
configure:3005: g++ --version >&5
g++ (Debian 10.2.1-6) 10.2.1 20210110
Copyright (C) 2020 Free Software Foundation, Inc.
This is free software; see the source for copying conditions.  There is NO
warranty; not even for MERCHANTABILITY or FITNESS FOR A PARTICULAR PURPOSE.

configure:3016: $? = 0
configure:3005: g++ -v >&5
Using built-in specs.
COLLECT_GCC=g++
COLLECT_LTO_WRAPPER=/usr/lib/gcc/x86_64-linux-gnu/10/lto-wrapper
OFFLOAD_TARGET_NAMES=nvptx-none:amdgcn-amdhsa:hsa
OFFLOAD_TARGET_DEFAULT=1
Target: x86_64-linux-gnu
Configured with: ../src/configure -v --with-pkgversion='Debian 10.2.1-6' --with-bugurl=file:///usr/share/doc/gcc-10/README.Bugs --enable-languages=c,ada,c++,go,brig,d,fortran,objc,obj-c++,m2 --prefix=/usr --with-gcc-major-version-only --program-suffix=-10 --program-prefix=x86_64-linux-gnu- --enable-shared --enable-linker-build-id --libexecdir=/usr/lib --without-included-gettext --enable-threads=posix --libdir=/usr/lib --enable-nls --enable-bootstrap --enable-clocale=gnu --enable-libstdcxx-debug --enable-libstdcxx-time=yes --with-default-libstdcxx-abi=new --enable-gnu-unique-object --disable-vtable-verify --enable-plugin --enable-default-pie --with-system-zlib --enable-libphobos-checking=release --with-target-system-zlib=auto --enable-objc-gc=auto --enable-multiarch --disable-werror --with-arch-32=i686 --with-abi=m64 --with-multilib-list=m32,m64,mx32 --enable-multilib --with-tune=generic --enable-offload-targets=nvptx-none=/build/gcc-10-Km9U7s/gcc-10-10.2.1/debian/tmp-nvptx/usr,amdgcn-amdhsa=/build/gcc-10-Km9U7s/gcc-10-10.2.1/debian/tmp-gcn/usr,hsa --without-cuda-driver --enable-checking=release --build=x86_64-linux-gnu --host=x86_64-linux-gnu --target=x86_64-linux-gnu --with-build-config=bootstrap-lto-lean --enable-link-mutex
Thread model: posix
Supported LTO compression algorithms: zlib zstd
gcc version 10.2.1 20210110 (Debian 10.2.1-6) 
... rest of stderr output deleted ...
configure:3016: $? = 0
configure:3005: g++ -V >&5
g++: error: unrecognized command-line option '-V'
g++: fatal error: no input files
compilation terminated.
configure:3016: $? = 1
configure:3005: g++ -qversion >&5
g++: error: unrecognized command-line option '-qversion'; did you mean '--version'?
g++: fatal error: no input files
compilation terminated.
configure:3016: $? = 1
configure:3036: checking whether the C++ compiler works
configure:3058: g++    conftest.cpp  >&5
configure:3062: $? = 0
configure:3110: result: yes
configure:3113: checking for C++ compiler default output file name
configure:3115: result: a.out
configure:3121: checking for suffix of executables
configure:3128: g++ -o conftest    conftest.cpp  >&5
configure:3132: $? = 0
configure:3154: result: 
configure:3176: checking whether we are cross compiling
configure:3184: g++ -o conftest    conftest.cpp  >&5
configure:3188: $? = 0
configure:3195: ./conftest
configure:3199: $? = 0
configure:3214: result: no
configure:3219: checking for suffix of object files
configure:3241: g++ -c   conftest.cpp >&5
configure:3245: $? = 0
configure:3266: result: o
configure:3270: checking whether we are using the GNU C++ compiler
configure:3289: g++ -c   conftest.cpp >&5
configure:3289: $? = 0
configure:3298: result: yes
configure:3307: checking whether g++ accepts -g
configure:3327: g++ -c -g  conftest.cpp >&5
configure:3327: $? = 0
configure:3368: result: yes
configure:3394: checking whether make supports the include directive
configure:3409: make -f confmf.GNU && cat confinc.out
this is the am__doit target
configure:3412: $? = 0
configure:3431: result: yes (GNU style)
configure:3456: checking dependency style of g++
configure:3567: result: gcc3
configure:3601: checking whether g++ supports C++11 features with -std=gnu++11
configure:3897: g++ -std=gnu++11 -c -g -O2  conftest.cpp >&5
configure:3897: $? = 0
configure:3906: result: yes
configure:4296: checking build system type
configure:4310: result: x86_64-pc-linux-gnu
configure:4330: checking host system type
configure:4343: result: x86_64-pc-linux-gnu
configure:4384: checking how to print strings
configure:4411: result: printf
configure:4480: checking for gcc
configure:4496: found /usr/bin/gcc
configure:4507: result: gcc
configure:4736: checking for C compiler version
configure:4745: gcc --version >&5
gcc (Debian 10.2.1-6) 10.2.1 20210110
Copyright (C) 2020 Free Software Foundation, Inc.
This is free software; see the source for copying conditions.  There is NO
warranty; not even for MERCHANTABILITY or FITNESS FOR A PARTICULAR PURPOSE.

configure:4756: $? = 0
configure:4745: gcc -v >&5
Using built-in specs.
COLLECT_GCC=gcc
COLLECT_LTO_WRAPPER=/usr/lib/gcc/x86_64-linux-gnu/10/lto-wrapper
OFFLOAD_TARGET_NAMES=nvptx-none:amdgcn-amdhsa:hsa
OFFLOAD_TARGET_DEFAULT=1
Target: x86_64-linux-gnu
Configured with: ../src/configure -v --with-pkgversion='Debian 10.2.1-6' --with-bugurl=file:///usr/share/doc/gcc-10/README.Bugs --enable-languages=c,ada,c++,go,brig,d,fortran,objc,obj-c++,m2 --prefix=/usr --with-gcc-major-version-only --program-suffix=-10 --program-prefix=x86_64-linux-gnu- --enable-shared --enable-linker-build-id --libexecdir=/usr/lib --without-included-gettext --enable-threads=posix --libdir=/usr/lib --enable-nls --enable-bootstrap --enable-clocale=gnu --enable-libstdcxx-debug --enable-libstdcxx-time=yes --with-default-libstdcxx-abi=new --enable-gnu-unique-object --disable-vtable-verify --enable-plugin --enable-default-pie --with-system-zlib --enable-libphobos-checking=release --with-target-system-zlib=auto --enable-objc-gc=auto --enable-multiarch --disable-werror --with-arch-32=i686 --with-abi=m64 --with-multilib-list=m32,m64,mx32 --enable-multilib --with-tune=generic --enable-offload-targets=nvptx-none=/build/gcc-10-Km9U7s/gcc-10-10.2.1/debian/tmp-nvptx/usr,amdgcn-amdhsa=/build/gcc-10-Km9U7s/gcc-10-10.2.1/debian/tmp-gcn/usr,hsa --without-cuda-driver --enable-checking=release --build=x86_64-linux-gnu --host=x86_64-linux-gnu --target=x86_64-linux-gnu --with-build-config=bootstrap-lto-lean --enable-link-mutex
Thread model: posix
Supported LTO compression algorithms: zlib zstd
gcc version 10.2.1 20210110 (Debian 10.2.1-6) 
... rest of stderr output deleted ...
configure:4756: $? = 0
configure:4745: gcc -V >&5
gcc: error: unrecognized command-line option '-V'
gcc: fatal error: no input files
compilation terminated.
configure:4756: $? = 1
configure:4745: gcc -qversion >&5
gcc: error: unrecognized command-line option '-qversion'; did you mean '--version'?
gcc: fatal error: no input files
compilation terminated.
configure:4756: $? = 1
configure:4760: checking whether we are using the GNU C compiler
configure:4779: gcc -c   conftest.c >&5
configure:4779: $? = 0
configure:4788: result: yes
configure:4797: checking whether gcc accepts -g
configure:4817: gcc -c -g  conftest.c >&5
configure:4817: $? = 0
configure:4858: result: yes
configure:4875: checking for gcc option to accept ISO C89
configure:4938: gcc  -c -g -O2  conftest.c >&5
configure:4938: $? = 0
configure:4951: result: none needed
configure:4976: checking whether gcc understands -c and -o together
configure:4998: gcc -c conftest.c -o conftest2.o
configure:5001: $? = 0
configure:4998: gcc -c conftest.c -o conftest2.o
configure:5001: $? = 0
configure:5013: result: yes
configure:5032: checking dependency style of gcc
configure:5143: result: gcc3
configure:5158: checking for a sed that does not truncate output
configure:5222: result: /usr/bin/sed
configure:5240: checking for grep that handles long lines and -e
configure:5298: result: /usr/bin/grep
configure:5303: checking for egrep
configure:5365: result: /usr/bin/grep -E
configure:5370: checking for fgrep
configure:5432: result: /usr/bin/grep -F
configure:5467: checking for ld used by gcc
configure:5534: result: /usr/bin/ld
configure:5541: checking if the linker (/usr/bin/ld) is GNU ld
configure:5556: result: yes
configure:5568: checking for BSD- or MS-compatible name lister (nm)
configure:5622: result: /usr/bin/nm -B
configure:5752: checking the name lister (/usr/bin/nm -B) interface
configure:5759: g++ -std=gnu++11 -c -g -O2  conftest.cpp >&5
configure:5762: /usr/bin/nm -B "conftest.o"
configure:5765: output
0000000000000000 B some_variable
configure:5772: result: BSD nm
configure:5775: checking whether ln -s works
configure:5779: result: yes
configure:5787: checking the maximum length of command line arguments
configure:5923: result: 1572864
configure:5971: checking how to convert x86_64-pc-linux-gnu file names to x86_64-pc-linux-gnu format
configure:6011: result: func_convert_file_noop
configure:6018: checking how to convert x86_64-pc-linux-gnu file names to toolchain format
configure:6038: result: func_convert_file_noop
configure:6045: checking for /usr/bin/ld option to reload object files
configure:6052: result: -r
configure:6126: checking for objdump
configure:6142: found /usr/bin/objdump
configure:6153: result: objdump
configure:6185: checking how to recognize dependent libraries
configure:6385: result: pass_all
configure:6470: checking for dlltool
configure:6500: result: no
configure:6530: checking how to associate runtime and link libraries
configure:6557: result: printf %s\n
configure:6617: checking for ar
configure:6633: found /usr/bin/ar
configure:6644: result: ar
configure:6681: checking for archiver @FILE support
configure:6698: g++ -std=gnu++11 -c -g -O2  conftest.cpp >&5
configure:6698: $? = 0
configure:6701: ar cru libconftest.a @conftest.lst >&5
ar: `u' modifier ignored since `D' is the default (see `U')
configure:6704: $? = 0
configure:6709: ar cru libconftest.a @conftest.lst >&5
ar: `u' modifier ignored since `D' is the default (see `U')
ar: conftest.o: No such file or directory
configure:6712: $? = 1
configure:6724: result: @
configure:6782: checking for strip
configure:6798: found /usr/bin/strip
configure:6809: result: strip
configure:6881: checking for ranlib
configure:6897: found /usr/bin/ranlib
configure:6908: result: ranlib
configure:7010: checking command to parse /usr/bin/nm -B output from gcc object
configure:7163: g++ -std=gnu++11 -c -g -O2  conftest.cpp >&5
configure:7166: $? = 0
configure:7170: /usr/bin/nm -B conftest.o \| sed -n -e 's/^.*[ ]\([ABCDGIRSTW][ABCDGIRSTW]*\)[ ][ ]*\([_A-Za-z][_A-Za-z0-9]*\)$/\1 \2 \2/p' | sed '/ __gnu_lto/d' \> conftest.nm
configure:7173: $? = 0
configure:7239: g++ -std=gnu++11 -o conftest -g -O2   conftest.cpp conftstm.o >&5
configure:7242: $? = 0
configure:7280: result: ok
configure:7327: checking for sysroot
configure:7357: result: no
configure:7364: checking for a working dd
configure:7402: result: /usr/bin/dd
configure:7406: checking how to truncate binary pipes
configure:7421: result: /usr/bin/dd bs=4096 count=1
configure:7558: g++ -std=gnu++11 -c -g -O2  conftest.cpp >&5
configure:7561: $? = 0
configure:7751: checking for mt
configure:7767: found /usr/bin/mt
configure:7778: result: mt
configure:7801: checking if mt is a manifest tool
configure:7807: mt '-?'
configure:7815: result: no
configure:8492: checking how to run the C preprocessor
configure:8523: gcc -E  conftest.c
configure:8523: $? = 0
configure:8537: gcc -E  conftest.c
conftest.c:12:10: fatal error: ac_nonexistent.h: No such file or directory
   12 | #include <ac_nonexistent.h>
      |          ^~~~~~~~~~~~~~~~~~
compilation terminated.
configure:8537: $? = 1
configure: failed program was:
| /* confdefs.h */
| #define PACKAGE_NAME "bigduckgl"
| #define PACKAGE_TARNAME "bigduckgl"
| #define PACKAGE_VERSION "2021"
| #define PACKAGE_STRING "bigduckgl 2021"
| #define PACKAGE_BUGREPORT "Based on NiHo´s code"
| #define PACKAGE_URL ""
| #define PACKAGE "bigduckgl"
| #define VERSION "2021"
| #define HAVE_CXX11 1
| /* end confdefs.h.  */
| #include <ac_nonexistent.h>
configure:8562: result: gcc -E
configure:8582: gcc -E  conftest.c
configure:8582: $? = 0
configure:8596: gcc -E  conftest.c
conftest.c:12:10: fatal error: ac_nonexistent.h: No such file or directory
   12 | #include <ac_nonexistent.h>
      |          ^~~~~~~~~~~~~~~~~~
compilation terminated.
configure:8596: $? = 1
configure: failed program was:
| /* confdefs.h */
| #define PACKAGE_NAME "bigduckgl"
| #define PACKAGE_TARNAME "bigduckgl"
| #define PACKAGE_VERSION "2021"
| #define PACKAGE_STRING "bigduckgl 2021"
| #define PACKAGE_BUGREPORT "Based on NiHo´s code"
| #define PACKAGE_URL ""
| #define PACKAGE "bigduckgl"
| #define VERSION "2021"
| #define HAVE_CXX11 1
| /* end confdefs.h.  */
| #include <ac_nonexistent.h>
configure:8625: checking for ANSI C header files
configure:8645: gcc -c -g -O2  conftest.c >&5
configure:8645: $? = 0
configure:8718: gcc -o conftest -g -O2   conftest.c  >&5
configure:8718: $? = 0
configure:8718: ./conftest
configure:8718: $? = 0
configure:8729: result: yes
configure:8742: checking for sys/types.h
configure:8742: gcc -c -g -O2  conftest.c >&5
configure:8742: $? = 0
configure:8742: result: yes
configure:8742: checking for sys/stat.h
configure:8742: gcc -c -g -O2  conftest.c >&5
configure:8742: $? = 0
configure:8742: result: yes
configure:8742: checking for stdlib.h
configure:8742: gcc -c -g -O2  conftest.c >&5
configure:8742: $? = 0
configure:8742: result: yes
configure:8742: checking for string.h
configure:8742: gcc -c -g -O2  conftest.c >&5
configure:8742: $? = 0
configure:8742: result: yes
configure:8742: checking for memory.h
configure:8742: gcc -c -g -O2  conftest.c >&5
configure:8742: $? = 0
configure:8742: result: yes
configure:8742: checking for strings.h
configure:8742: gcc -c -g -O2  conftest.c >&5
configure:8742: $? = 0
configure:8742: result: yes
configure:8742: checking for inttypes.h
configure:8742: gcc -c -g -O2  conftest.c >&5
configure:8742: $? = 0
configure:8742: result: yes
configure:8742: checking for stdint.h
configure:8742: gcc -c -g -O2  conftest.c >&5
configure:8742: $? = 0
configure:8742: result: yes
configure:8742: checking for unistd.h
configure:8742: gcc -c -g -O2  conftest.c >&5
configure:8742: $? = 0
configure:8742: result: yes
configure:8756: checking for dlfcn.h
configure:8756: gcc -c -g -O2  conftest.c >&5
configure:8756: $? = 0
configure:8756: result: yes
configure:9022: checking for objdir
configure:9037: result: .libs
configure:9297: checking if gcc supports -fno-rtti -fno-exceptions
configure:9315: gcc -c -g -O2  -fno-rtti -fno-exceptions conftest.c >&5
cc1: warning: command-line option '-fno-rtti' is valid for C++/D/ObjC++ but not for C
configure:9319: $? = 0
configure:9332: result: no
configure:9690: checking for gcc option to produce PIC
configure:9697: result: -fPIC -DPIC
configure:9705: checking if gcc PIC flag -fPIC -DPIC works
configure:9723: gcc -c -g -O2  -fPIC -DPIC -DPIC conftest.c >&5
configure:9727: $? = 0
configure:9740: result: yes
configure:9769: checking if gcc static flag -static works
configure:9797: result: yes
configure:9812: checking if gcc supports -c -o file.o
configure:9833: gcc -c -g -O2  -o out/conftest2.o conftest.c >&5
configure:9837: $? = 0
configure:9859: result: yes
configure:9867: checking if gcc supports -c -o file.o
configure:9914: result: yes
configure:9947: checking whether the gcc linker (/usr/bin/ld -m elf_x86_64) supports shared libraries
configure:11206: result: yes
configure:11243: checking whether -lc should be explicitly linked in
configure:11251: gcc -c -g -O2  conftest.c >&5
configure:11254: $? = 0
configure:11269: gcc -shared  -fPIC -DPIC conftest.o  -v -Wl,-soname -Wl,conftest -o conftest 2\>\&1 \| /usr/bin/grep  -lc  \>/dev/null 2\>\&1
configure:11272: $? = 0
configure:11286: result: no
configure:11446: checking dynamic linker characteristics
configure:12040: gcc -o conftest -g -O2   -Wl,-rpath -Wl,/foo conftest.c  >&5
configure:12040: $? = 0
configure:12277: result: GNU/Linux ld.so
configure:12399: checking how to hardcode library paths into programs
configure:12424: result: immediate
configure:12972: checking whether stripping libraries is possible
configure:12977: result: yes
configure:13012: checking if libtool supports shared libraries
configure:13014: result: yes
configure:13017: checking whether to build shared libraries
configure:13042: result: yes
configure:13045: checking whether to build static libraries
configure:13049: result: yes
configure:13072: checking how to run the C++ preprocessor
configure:13099: g++ -std=gnu++11 -E  conftest.cpp
configure:13099: $? = 0
configure:13113: g++ -std=gnu++11 -E  conftest.cpp
conftest.cpp:24:10: fatal error: ac_nonexistent.h: No such file or directory
   24 | #include <ac_nonexistent.h>
      |          ^~~~~~~~~~~~~~~~~~
compilation terminated.
configure:13113: $? = 1
configure: failed program was:
| /* confdefs.h */
| #define PACKAGE_NAME "bigduckgl"
| #define PACKAGE_TARNAME "bigduckgl"
| #define PACKAGE_VERSION "2021"
| #define PACKAGE_STRING "bigduckgl 2021"
| #define PACKAGE_BUGREPORT "Based on NiHo´s code"
| #define PACKAGE_URL ""
| #define PACKAGE "bigduckgl"
| #define VERSION "2021"
| #define HAVE_CXX11 1
| #define STDC_HEADERS 1
| #define HAVE_SYS_TYPES_H 1
| #define HAVE_SYS_STAT_H 1
| #define HAVE_STDLIB_H 1
| #define HAVE_STRING_H 1
| #define HAVE_MEMORY_H 1
| #define HAVE_STRINGS_H 1
| #define HAVE_INTTYPES_H 1
| #define HAVE_STDINT_H 1
| #define HAVE_UNISTD_H 1
| #define HAVE_DLFCN_H 1
| #define LT_OBJDIR ".libs/"
| /* end confdefs.h.  */
| #include <ac_nonexistent.h>
configure:13138: result: g++ -std=gnu++11 -E
configure:13158: g++ -std=gnu++11 -E  conftest.cpp
configure:13158: $? = 0
configure:13172: g++ -std=gnu++11 -E  conftest.cpp
conftest.cpp:24:10: fatal error: ac_nonexistent.h: No such file or directory
   24 | #include <ac_nonexistent.h>
      |          ^~~~~~~~~~~~~~~~~~
compilation terminated.
configure:13172: $? = 1
configure: failed program was:
| /* confdefs.h */
| #define PACKAGE_NAME "bigduckgl"
| #define PACKAGE_TARNAME "bigduckgl"
| #define PACKAGE_VERSION "2021"
| #define PACKAGE_STRING "bigduckgl 2021"
| #define PACKAGE_BUGREPORT "Based on NiHo´s code"
| #define PACKAGE_URL ""
| #define PACKAGE "bigduckgl"
| #define VERSION "2021"
| #define HAVE_CXX11 1
| #define STDC_HEADERS 1
| #define HAVE_SYS_TYPES_H 1
| #define HAVE_SYS_STAT_H 1
| #define HAVE_STDLIB_H 1
| #define HAVE_STRING_H 1
| #define HAVE_MEMORY_H 1
| #define HAVE_STRINGS_H 1
| #define HAVE_INTTYPES_H 1
| #define HAVE_STDINT_H 1
| #define HAVE_UNISTD_H 1
| #define HAVE_DLFCN_H 1
| #define LT_OBJDIR ".libs/"
| /* end confdefs.h.  */
| #include <ac_nonexistent.h>
configure:13334: checking for ld used by g++ -std=gnu++11
configure:13401: result: /usr/bin/ld -m elf_x86_64
configure:13408: checking if the linker (/usr/bin/ld -m elf_x86_64) is GNU ld
configure:13423: result: yes
configure:13478: checking whether the g++ -std=gnu++11 linker (/usr/bin/ld -m elf_x86_64) supports shared libraries
configure:14551: result: yes
configure:14587: g++ -std=gnu++11 -c -g -O2  conftest.cpp >&5
configure:14590: $? = 0
configure:15071: checking for g++ -std=gnu++11 option to produce PIC
configure:15078: result: -fPIC -DPIC
configure:15086: checking if g++ -std=gnu++11 PIC flag -fPIC -DPIC works
configure:15104: g++ -std=gnu++11 -c -g -O2  -fPIC -DPIC -DPIC conftest.cpp >&5
configure:15108: $? = 0
configure:15121: result: yes
configure:15144: checking if g++ -std=gnu++11 static flag -static works
configure:15172: result: yes
configure:15184: checking if g++ -std=gnu++11 supports -c -o file.o
configure:15205: g++ -std=gnu++11 -c -g -O2  -o out/conftest2.o conftest.cpp >&5
configure:15209: $? = 0
configure:15231: result: yes
configure:15236: checking if g++ -std=gnu++11 supports -c -o file.o
configure:15283: result: yes
configure:15313: checking whether the g++ -std=gnu++11 linker (/usr/bin/ld -m elf_x86_64) supports shared libraries
configure:15353: result: yes
configure:15494: checking dynamic linker characteristics
configure:16252: result: GNU/Linux ld.so
configure:16317: checking how to hardcode library paths into programs
configure:16342: result: immediate
configure:16404: checking for main in -lGL
configure:16423: g++ -std=gnu++11 -o conftest -g -O2   conftest.cpp -lGL   >&5
configure:16423: $? = 0
configure:16432: result: yes
configure:16443: checking for main in -lGLEW
configure:16462: g++ -std=gnu++11 -o conftest -g -O2   conftest.cpp -lGLEW  -lGL  >&5
configure:16462: $? = 0
configure:16471: result: yes
configure:16482: checking for main in -lglfw
configure:16501: g++ -std=gnu++11 -o conftest -g -O2   conftest.cpp -lglfw  -lGLEW -lGL  >&5
configure:16501: $? = 0
configure:16510: result: yes
configure:16521: checking for main in -limgui
configure:16540: g++ -std=gnu++11 -o conftest -g -O2   conftest.cpp -limgui  -lglfw -lGLEW -lGL  >&5
configure:16540: $? = 0
configure:16549: result: yes
configure:16560: checking for main in -lassimp
configure:16579: g++ -std=gnu++11 -o conftest -g -O2   conftest.cpp -lassimp  -limgui -lglfw -lGLEW -lGL  >&5
configure:16579: $? = 0
configure:16588: result: yes
configure:16715: checking that generated files are newer than configure
configure:16721: result: done
configure:16748: creating ./config.status

## ---------------------- ##
## Running config.status. ##
## ---------------------- ##

This file was extended by bigduckgl config.status 2021, which was
generated by GNU Autoconf 2.69.  Invocation command line was

  CONFIG_FILES    = 
  CONFIG_HEADERS  = 
  CONFIG_LINKS    = 
  CONFIG_COMMANDS = 
  $ ./config.status 

on diego

config.status:1157: creating Makefile
config.status:1157: creating src/Makefile
config.status:1157: creating config.h
config.status:1386: executing depfiles commands
config.status:1463: cd src       && sed -e '/# am--include-marker/d' Makefile         | make -f - am--depfiles
config.status:1468: $? = 0
config.status:1386: executing libtool commands

## ---------------- ##
## Cache variables. ##
## ---------------- ##

ac_cv_build=x86_64-pc-linux-gnu
ac_cv_c_compiler_gnu=yes
ac_cv_cxx_compiler_gnu=yes
ac_cv_env_CCC_set=
ac_cv_env_CCC_value=
ac_cv_env_CC_set=
ac_cv_env_CC_value=
ac_cv_env_CFLAGS_set=
ac_cv_env_CFLAGS_value=
ac_cv_env_CPPFLAGS_set=
ac_cv_env_CPPFLAGS_value=
ac_cv_env_CPP_set=
ac_cv_env_CPP_value=
ac_cv_env_CXXCPP_set=
ac_cv_env_CXXCPP_value=
ac_cv_env_CXXFLAGS_set=
ac_cv_env_CXXFLAGS_value=
ac_cv_env_CXX_set=
ac_cv_env_CXX_value=
ac_cv_env_LDFLAGS_set=
ac_cv_env_LDFLAGS_value=
ac_cv_env_LIBS_set=
ac_cv_env_LIBS_value=
ac_cv_env_LT_SYS_LIBRARY_PATH_set=
ac_cv_env_LT_SYS_LIBRARY_PATH_value=
ac_cv_env_build_alias_set=
ac_cv_env_build_alias_value=
ac_cv_env_host_alias_set=
ac_cv_env_host_alias_value=
ac_cv_env_target_alias_set=
ac_cv_env_target_alias_value=
ac_cv_header_dlfcn_h=yes
ac_cv_header_inttypes_h=yes
ac_cv_header_memory_h=yes
ac_cv_header_stdc=yes
ac_cv_header_stdint_h=yes
ac_cv_header_stdlib_h=yes
ac_cv_header_string_h=yes
ac_cv_header_strings_h=yes
ac_cv_header_sys_stat_h=yes
ac_cv_header_sys_types_h=yes
ac_cv_header_unistd_h=yes
ac_cv_host=x86_64-pc-linux-gnu
ac_cv_lib_GLEW_main=yes
ac_cv_lib_GL_main=yes
ac_cv_lib_assimp_main=yes
ac_cv_lib_glfw_main=yes
ac_cv_lib_imgui_main=yes
ac_cv_objext=o
ac_cv_path_EGREP='/usr/bin/grep -E'
ac_cv_path_FGREP='/usr/bin/grep -F'
ac_cv_path_GREP=/usr/bin/grep
ac_cv_path_SED=/usr/bin/sed
ac_cv_path_install='/usr/bin/install -c'
ac_cv_path_lt_DD=/usr/bin/dd
ac_cv_path_mkdir=/usr/bin/mkdir
ac_cv_prog_AWK=mawk
ac_cv_prog_CPP='gcc -E'
ac_cv_prog_CXXCPP='g++ -std=gnu++11 -E'
ac_cv_prog_ac_ct_AR=ar
ac_cv_prog_ac_ct_CC=gcc
ac_cv_prog_ac_ct_CXX=g++
ac_cv_prog_ac_ct_MANIFEST_TOOL=mt
ac_cv_prog_ac_ct_OBJDUMP=objdump
ac_cv_prog_ac_ct_RANLIB=ranlib
ac_cv_prog_ac_ct_STRIP=strip
ac_cv_prog_cc_c89=
ac_cv_prog_cc_g=yes
ac_cv_prog_cxx_g=yes
ac_cv_prog_make_make_set=yes
am_cv_CC_dependencies_compiler_type=gcc3
am_cv_CXX_dependencies_compiler_type=gcc3
am_cv_make_support_nested_variables=yes
am_cv_prog_cc_c_o=yes
ax_cv_cxx_compile_cxx11__std_gnupp11=yes
lt_cv_ar_at_file=@
lt_cv_archive_cmds_need_lc=no
lt_cv_deplibs_check_method=pass_all
lt_cv_file_magic_cmd='$MAGIC_CMD'
lt_cv_file_magic_test_file=
lt_cv_ld_reload_flag=-r
lt_cv_nm_interface='BSD nm'
lt_cv_objdir=.libs
lt_cv_path_LD=/usr/bin/ld
lt_cv_path_LDCXX='/usr/bin/ld -m elf_x86_64'
lt_cv_path_NM='/usr/bin/nm -B'
lt_cv_path_mainfest_tool=no
lt_cv_prog_compiler_c_o=yes
lt_cv_prog_compiler_c_o_CXX=yes
lt_cv_prog_compiler_pic='-fPIC -DPIC'
lt_cv_prog_compiler_pic_CXX='-fPIC -DPIC'
lt_cv_prog_compiler_pic_works=yes
lt_cv_prog_compiler_pic_works_CXX=yes
lt_cv_prog_compiler_rtti_exceptions=no
lt_cv_prog_compiler_static_works=yes
lt_cv_prog_compiler_static_works_CXX=yes
lt_cv_prog_gnu_ld=yes
lt_cv_prog_gnu_ldcxx=yes
lt_cv_sharedlib_from_linklib_cmd='printf %s\n'
lt_cv_shlibpath_overrides_runpath=yes
lt_cv_sys_global_symbol_pipe='sed -n -e '\''s/^.*[	 ]\([ABCDGIRSTW][ABCDGIRSTW]*\)[	 ][	 ]*\([_A-Za-z][_A-Za-z0-9]*\)$/\1 \2 \2/p'\'' | sed '\''/ __gnu_lto/d'\'''
lt_cv_sys_global_symbol_to_c_name_address='sed -n -e '\''s/^: \(.*\) .*$/  {"\1", (void *) 0},/p'\'' -e '\''s/^[ABCDGIRSTW][ABCDGIRSTW]* .* \(.*\)$/  {"\1", (void *) \&\1},/p'\'''
lt_cv_sys_global_symbol_to_c_name_address_lib_prefix='sed -n -e '\''s/^: \(.*\) .*$/  {"\1", (void *) 0},/p'\'' -e '\''s/^[ABCDGIRSTW][ABCDGIRSTW]* .* \(lib.*\)$/  {"\1", (void *) \&\1},/p'\'' -e '\''s/^[ABCDGIRSTW][ABCDGIRSTW]* .* \(.*\)$/  {"lib\1", (void *) \&\1},/p'\'''
lt_cv_sys_global_symbol_to_cdecl='sed -n -e '\''s/^T .* \(.*\)$/extern int \1();/p'\'' -e '\''s/^[ABCDGIRSTW][ABCDGIRSTW]* .* \(.*\)$/extern char \1;/p'\'''
lt_cv_sys_global_symbol_to_import=
lt_cv_sys_max_cmd_len=1572864
lt_cv_to_host_file_cmd=func_convert_file_noop
lt_cv_to_tool_file_cmd=func_convert_file_noop
lt_cv_truncate_bin='/usr/bin/dd bs=4096 count=1'

## ----------------- ##
## Output variables. ##
## ----------------- ##

ACLOCAL='${SHELL} /home/sbutz/git/cg/bigduckgl-2021/auxx/missing aclocal-1.16'
AMDEPBACKSLASH='\'
AMDEP_FALSE='#'
AMDEP_TRUE=''
AMTAR='$${TAR-tar}'
AM_BACKSLASH='\'
AM_DEFAULT_V='$(AM_DEFAULT_VERBOSITY)'
AM_DEFAULT_VERBOSITY='1'
AM_V='$(V)'
AR='ar'
AUTOCONF='${SHELL} /home/sbutz/git/cg/bigduckgl-2021/auxx/missing autoconf'
AUTOHEADER='${SHELL} /home/sbutz/git/cg/bigduckgl-2021/auxx/missing autoheader'
AUTOMAKE='${SHELL} /home/sbutz/git/cg/bigduckgl-2021/auxx/missing automake-1.16'
AWK='mawk'
CC='gcc'
CCDEPMODE='depmode=gcc3'
CFLAGS='-g -O2'
CPP='gcc -E'
CPPFLAGS=''
CXX='g++ -std=gnu++11'
CXXCPP='g++ -std=gnu++11 -E'
CXXDEPMODE='depmode=gcc3'
CXXFLAGS='-g -O2'
CYGPATH_W='echo'
DEFS='-DHAVE_CONFIG_H'
DEPDIR='.deps'
DLLTOOL='false'
DSYMUTIL=''
DUMPBIN=''
ECHO_C=''
ECHO_N='-n'
ECHO_T=''
EGREP='/usr/bin/grep -E'
EXEEXT=''
FGREP='/usr/bin/grep -F'
GREP='/usr/bin/grep'
HAVE_CXX11='1'
INSTALL_DATA='${INSTALL} -m 644'
INSTALL_PROGRAM='${INSTALL}'
INSTALL_SCRIPT='${INSTALL}'
INSTALL_STRIP_PROGRAM='$(install_sh) -c -s'
LD='/usr/bin/ld -m elf_x86_64'
LDFLAGS=''
LIBOBJS=''
LIBS='-lassimp -limgui -lglfw -lGLEW -lGL '
LIBTOOL='$(SHELL) $(top_builddir)/libtool'
LIPO=''
LN_S='ln -s'
LTLIBOBJS=''
LT_SYS_LIBRARY_PATH=''
MAKEINFO='${SHELL} /home/sbutz/git/cg/bigduckgl-2021/auxx/missing makeinfo'
MANIFEST_TOOL=':'
MKDIR_P='/usr/bin/mkdir -p'
NM='/usr/bin/nm -B'
NMEDIT=''
OBJDUMP='objdump'
OBJEXT='o'
OTOOL64=''
OTOOL=''
PACKAGE='bigduckgl'
PACKAGE_BUGREPORT='Based on NiHo´s code'
PACKAGE_NAME='bigduckgl'
PACKAGE_STRING='bigduckgl 2021'
PACKAGE_TARNAME='bigduckgl'
PACKAGE_URL=''
PACKAGE_VERSION='2021'
PATH_SEPARATOR=':'
RANLIB='ranlib'
SED='/usr/bin/sed'
SET_MAKE=''
SHELL='/bin/bash'
STRIP='strip'
VERSION='2021'
ac_ct_AR='ar'
ac_ct_CC='gcc'
ac_ct_CXX='g++'
ac_ct_DUMPBIN=''
am__EXEEXT_FALSE=''
am__EXEEXT_TRUE='#'
am__fastdepCC_FALSE='#'
am__fastdepCC_TRUE=''
am__fastdepCXX_FALSE='#'
am__fastdepCXX_TRUE=''
am__include='include'
am__isrc=''
am__leading_dot='.'
am__nodep='_no'
am__quote=''
am__tar='$${TAR-tar} chof - "$$tardir"'
am__untar='$${TAR-tar} xf -'
bindir='${exec_prefix}/bin'
build='x86_64-pc-linux-gnu'
build_alias=''
build_cpu='x86_64'
build_os='linux-gnu'
build_vendor='pc'
datadir='${datarootdir}'
datarootdir='${prefix}/share'
docdir='${datarootdir}/doc/${PACKAGE_TARNAME}'
dvidir='${docdir}'
exec_prefix='${prefix}'
host='x86_64-pc-linux-gnu'
host_alias=''
host_cpu='x86_64'
host_os='linux-gnu'
host_vendor='pc'
htmldir='${docdir}'
includedir='${prefix}/include'
infodir='${datarootdir}/info'
install_sh='${SHELL} /home/sbutz/git/cg/bigduckgl-2021/auxx/install-sh'
libdir='${exec_prefix}/lib'
libexecdir='${exec_prefix}/libexec'
localedir='${datarootdir}/locale'
localstatedir='${prefix}/var'
mandir='${datarootdir}/man'
mkdir_p='$(MKDIR_P)'
oldincludedir='/usr/include'
pdfdir='${docdir}'
prefix='/usr/local'
program_transform_name='s,x,x,'
psdir='${docdir}'
runstatedir='${localstatedir}/run'
sbindir='${exec_prefix}/sbin'
sharedstatedir='${prefix}/com'
sysconfdir='${prefix}/etc'
target_alias=''

## ----------- ##
## confdefs.h. ##
## ----------- ##

/* confdefs.h */
#define PACKAGE_NAME "bigduckgl"
#define PACKAGE_TARNAME "bigduckgl"
#define PACKAGE_VERSION "2021"
#define PACKAGE_STRING "bigduckgl 2021"
#define PACKAGE_BUGREPORT "Based on NiHo´s code"
#define PACKAGE_URL ""
#define PACKAGE "bigduckgl"
#define VERSION "2021"
#define HAVE_CXX11 1
#define STDC_HEADERS 1
#define HAVE_SYS_TYPES_H 1
#define HAVE_SYS_STAT_H 1
#define HAVE_STDLIB_H 1
#define HAVE_STRING_H 1
#define HAVE_MEMORY_H 1
#define HAVE_STRINGS_H 1
#define HAVE_INTTYPES_H 1
#define HAVE_STDINT_H 1
#define HAVE_UNISTD_H 1
#define HAVE_DLFCN_H 1
#define LT_OBJDIR ".libs/"
#define HAVE_LIBGL 1
#define HAVE_LIBGLEW 1
#define HAVE_LIBGLFW 1
#define HAVE_LIBIMGUI 1
#define HAVE_LIBASSIMP 1
#define OPENGL_INCLUDE_PATH "/usr/include"
#define GLEW_INCLUDE_PATH "/usr/include"

configure: exit 0
